<?xml version="1.0" encoding="UTF-8"?>
<testng-results ignored="0" total="2" passed="2" failed="0" skipped="0">
  <reporter-output>
  </reporter-output>
  <suite started-at="2023-11-26T11:13:51 CST" name="Suite" finished-at="2023-11-26T11:14:02 CST" duration-ms="11492">
    <groups>
    </groups>
    <test started-at="2023-11-26T11:13:51 CST" name="Test" finished-at="2023-11-26T11:14:02 CST" duration-ms="11492">
      <class name="testCases.LoginTest">
        <test-method is-config="true" signature="browserLaunch()[pri:0, instance:testCases.LoginTest@4b45a2f5]" started-at="2023-11-26T11:13:51 CST" name="browserLaunch" finished-at="2023-11-26T11:13:56 CST" duration-ms="5675" status="PASS">
          <reporter-output>
          </reporter-output>
        </test-method> <!-- browserLaunch -->
        <test-method signature="loginFailure()[pri:0, instance:testCases.LoginTest@4b45a2f5]" started-at="2023-11-26T11:13:56 CST" name="loginFailure" finished-at="2023-11-26T11:13:57 CST" duration-ms="563" status="PASS">
          <reporter-output>
          </reporter-output>
        </test-method> <!-- loginFailure -->
        <test-method is-config="true" signature="tearDown()[pri:0, instance:testCases.LoginTest@4b45a2f5]" started-at="2023-11-26T11:13:57 CST" name="tearDown" finished-at="2023-11-26T11:13:57 CST" duration-ms="200" status="PASS">
          <reporter-output>
          </reporter-output>
        </test-method> <!-- tearDown -->
        <test-method is-config="true" signature="browserLaunch()[pri:0, instance:testCases.LoginTest@4b45a2f5]" started-at="2023-11-26T11:13:57 CST" name="browserLaunch" finished-at="2023-11-26T11:14:01 CST" duration-ms="3649" status="PASS">
          <reporter-output>
          </reporter-output>
        </test-method> <!-- browserLaunch -->
        <test-method signature="productPage()[pri:0, instance:testCases.LoginTest@4b45a2f5]" started-at="2023-11-26T11:14:01 CST" name="productPage" finished-at="2023-11-26T11:14:02 CST" duration-ms="1008" status="PASS">
          <reporter-output>
          </reporter-output>
        </test-method> <!-- productPage -->
        <test-method is-config="true" signature="tearDown()[pri:0, instance:testCases.LoginTest@4b45a2f5]" started-at="2023-11-26T11:14:02 CST" name="tearDown" finished-at="2023-11-26T11:14:02 CST" duration-ms="184" status="PASS">
          <reporter-output>
          </reporter-output>
        </test-method> <!-- tearDown -->
      </class> <!-- testCases.LoginTest -->
    </test> <!-- Test -->
  </suite> <!-- Suite -->
</testng-results>
