<?xml version="1.0" encoding="UTF-8"?>
<testng-results ignored="0" total="2" passed="2" failed="0" skipped="0">
  <reporter-output>
  </reporter-output>
  <suite started-at="2024-03-22T22:20:40 CDT" name="Suite" finished-at="2024-03-22T22:20:53 CDT" duration-ms="13454">
    <groups>
    </groups>
    <test started-at="2024-03-22T22:20:40 CDT" name="Test" finished-at="2024-03-22T22:20:53 CDT" duration-ms="13454">
      <class name="testCases.LoginTest">
        <test-method is-config="true" signature="browserLaunch()[pri:0, instance:testCases.LoginTest@4b013c76]" started-at="2024-03-22T22:20:40 CDT" name="browserLaunch" finished-at="2024-03-22T22:20:45 CDT" duration-ms="5543" status="PASS">
          <reporter-output>
          </reporter-output>
        </test-method> <!-- browserLaunch -->
        <test-method signature="loginFailure()[pri:0, instance:testCases.LoginTest@4b013c76]" started-at="2024-03-22T22:20:45 CDT" name="loginFailure" finished-at="2024-03-22T22:20:46 CDT" duration-ms="549" status="PASS">
          <reporter-output>
          </reporter-output>
        </test-method> <!-- loginFailure -->
        <test-method is-config="true" signature="tearDown()[pri:0, instance:testCases.LoginTest@4b013c76]" started-at="2024-03-22T22:20:46 CDT" name="tearDown" finished-at="2024-03-22T22:20:46 CDT" duration-ms="174" status="PASS">
          <reporter-output>
          </reporter-output>
        </test-method> <!-- tearDown -->
        <test-method is-config="true" signature="browserLaunch()[pri:0, instance:testCases.LoginTest@4b013c76]" started-at="2024-03-22T22:20:46 CDT" name="browserLaunch" finished-at="2024-03-22T22:20:50 CDT" duration-ms="3793" status="PASS">
          <reporter-output>
          </reporter-output>
        </test-method> <!-- browserLaunch -->
        <test-method signature="productPage()[pri:0, instance:testCases.LoginTest@4b013c76]" started-at="2024-03-22T22:20:50 CDT" name="productPage" finished-at="2024-03-22T22:20:53 CDT" duration-ms="3128" status="PASS">
          <reporter-output>
          </reporter-output>
        </test-method> <!-- productPage -->
        <test-method is-config="true" signature="tearDown()[pri:0, instance:testCases.LoginTest@4b013c76]" started-at="2024-03-22T22:20:53 CDT" name="tearDown" finished-at="2024-03-22T22:20:53 CDT" duration-ms="143" status="PASS">
          <reporter-output>
          </reporter-output>
        </test-method> <!-- tearDown -->
      </class> <!-- testCases.LoginTest -->
    </test> <!-- Test -->
  </suite> <!-- Suite -->
</testng-results>
